SF:lib/presentation/screens/home.dart
DA:6,2
DA:8,1
DA:9,1
DA:13,1
DA:16,1
DA:17,1
DA:18,1
DA:19,0
DA:20,0
DA:21,0
DA:22,0
LF:11
LH:7
end_of_record
SF:lib/core/local/shared_pref_helper.dart
DA:7,0
DA:8,0
DA:10,0
DA:11,0
DA:14,0
DA:17,0
DA:18,0
DA:22,0
DA:23,0
DA:26,0
DA:27,0
DA:30,0
DA:31,0
DA:34,0
DA:35,0
DA:38,0
DA:39,0
DA:42,0
DA:43,0
DA:46,0
DA:47,0
DA:50,0
DA:51,0
DA:54,0
DA:55,0
DA:58,0
DA:59,0
LF:27
LH:0
end_of_record
SF:lib/presentation/screens/login.dart
DA:14,2
DA:16,1
DA:17,1
DA:35,1
DA:37,1
DA:38,1
DA:39,3
DA:42,1
DA:44,2
DA:45,2
DA:46,2
DA:47,2
DA:48,1
DA:51,1
DA:53,1
DA:54,2
DA:55,1
DA:56,0
DA:57,0
DA:58,0
DA:60,0
DA:66,0
DA:67,0
DA:72,0
DA:73,0
DA:74,0
DA:75,0
DA:79,0
DA:80,0
DA:84,0
DA:85,0
DA:86,0
DA:90,1
DA:91,1
DA:92,1
DA:93,1
DA:99,1
DA:100,1
DA:102,1
DA:103,1
DA:104,1
DA:105,1
DA:107,1
DA:126,1
DA:129,1
DA:130,1
DA:131,1
DA:132,1
DA:133,1
DA:139,0
DA:140,0
DA:149,1
DA:150,1
DA:151,1
DA:156,1
DA:157,1
DA:158,0
DA:159,0
DA:160,0
DA:161,0
DA:164,1
DA:169,0
DA:170,0
DA:179,1
DA:182,1
DA:196,1
DA:198,1
DA:199,0
DA:200,0
DA:203,1
DA:232,1
DA:241,0
DA:242,0
DA:243,0
DA:244,0
DA:245,0
DA:247,0
DA:248,0
DA:249,0
LF:79
LH:46
end_of_record
SF:lib/aplication/bloc/authentication_bloc/authentication_event.dart
DA:9,0
DA:14,0
LF:2
LH:0
end_of_record
SF:lib/aplication/bloc/authentication_bloc/authentication_bloc.dart
DA:18,3
DA:19,1
DA:21,0
DA:22,0
DA:23,0
DA:24,0
DA:26,0
DA:28,0
DA:31,1
DA:33,0
DA:35,0
DA:38,0
DA:44,0
LF:13
LH:3
end_of_record
SF:lib/domain/models/users/user_login_models.dart
DA:5,0
DA:7,0
DA:8,0
DA:11,0
DA:13,0
DA:17,0
DA:18,0
LF:7
LH:0
end_of_record
SF:lib/domain/models/users/user_register_models.dart
DA:9,0
DA:18,0
DA:19,0
DA:20,0
DA:21,0
DA:24,0
DA:25,0
DA:30,0
DA:31,0
DA:32,0
DA:33,0
DA:34,0
DA:36,0
DA:37,0
DA:41,0
DA:49,0
DA:50,0
DA:51,0
DA:52,0
DA:53,0
DA:54,0
DA:55,0
LF:22
LH:0
end_of_record
SF:lib/aplication/repository/authentication/auth_repository_impl.dart
DA:10,0
DA:14,0
DA:21,0
DA:23,0
DA:25,0
DA:28,0
DA:32,0
DA:36,0
DA:37,0
DA:40,0
DA:42,0
DA:45,0
LF:12
LH:0
end_of_record
SF:lib/core/network/api_client.dart
DA:8,1
DA:10,0
DA:11,0
DA:12,0
DA:14,0
DA:15,0
DA:18,0
DA:21,0
DA:22,0
DA:24,0
DA:26,0
DA:28,0
DA:31,0
LF:13
LH:1
end_of_record
SF:lib/aplication/usecase/authentication/login_usecase_impl.dart
DA:9,1
DA:11,0
DA:14,0
DA:17,0
DA:21,0
LF:5
LH:1
end_of_record
SF:lib/main.dart
DA:8,0
DA:9,0
DA:11,0
DA:12,0
DA:13,0
DA:19,1
DA:21,0
DA:24,0
DA:25,0
LF:9
LH:1
end_of_record
SF:lib/routes/routes.dart
DA:15,0
DA:17,0
DA:22,0
DA:24,0
DA:25,0
DA:29,0
DA:31,0
DA:34,0
DA:36,0
DA:40,0
DA:43,0
DA:44,0
LF:12
LH:0
end_of_record
SF:lib/presentation/widgets/custom_dialog_info.dart
DA:8,0
DA:10,0
DA:12,0
DA:13,0
DA:14,0
DA:16,0
DA:19,0
DA:20,0
DA:24,0
DA:25,0
DA:34,0
DA:35,0
DA:37,0
DA:38,0
LF:14
LH:0
end_of_record
SF:lib/presentation/widgets/custom_elevated_button.dart
DA:15,1
DA:27,1
DA:29,1
DA:31,3
DA:32,1
DA:33,1
DA:34,1
DA:35,2
DA:37,1
DA:38,1
DA:39,1
DA:40,3
LF:12
LH:12
end_of_record
SF:lib/presentation/widgets/custom_text_field.dart
DA:17,1
DA:32,1
DA:34,1
DA:35,1
DA:36,1
DA:37,1
DA:38,1
DA:39,1
DA:40,1
DA:41,1
DA:42,2
DA:44,2
DA:45,1
DA:46,1
DA:47,1
DA:48,1
LF:16
LH:16
end_of_record
SF:lib/presentation/screens/register.dart
DA:15,1
DA:17,0
DA:18,0
DA:53,0
DA:55,0
DA:56,0
DA:57,0
DA:60,0
DA:62,0
DA:63,0
DA:64,0
DA:65,0
DA:66,0
DA:67,0
DA:68,0
DA:69,0
DA:70,0
DA:71,0
DA:72,0
DA:75,0
DA:77,0
DA:78,0
DA:79,0
DA:80,0
DA:81,0
DA:82,0
DA:83,0
DA:84,0
DA:86,0
DA:92,0
DA:93,0
DA:98,0
DA:99,0
DA:100,0
DA:101,0
DA:105,0
DA:106,0
DA:110,0
DA:111,0
DA:112,0
DA:116,0
DA:117,0
DA:123,0
DA:124,0
DA:126,0
DA:127,0
DA:128,0
DA:129,0
DA:131,0
DA:132,0
DA:135,0
DA:136,0
DA:137,0
DA:151,0
DA:152,0
DA:153,0
DA:159,0
DA:160,0
DA:163,0
DA:172,0
DA:173,0
DA:174,0
DA:180,0
DA:181,0
DA:184,0
DA:193,0
DA:194,0
DA:197,0
DA:200,0
DA:203,0
DA:212,0
DA:213,0
DA:214,0
DA:216,0
DA:219,0
DA:220,0
DA:221,0
DA:222,0
DA:223,0
DA:228,0
DA:234,0
DA:235,0
DA:236,0
DA:242,0
DA:243,0
DA:246,0
DA:248,0
DA:257,0
DA:258,0
DA:259,0
DA:266,0
DA:267,0
DA:276,0
DA:277,0
DA:278,0
DA:284,0
DA:285,0
DA:286,0
DA:287,0
DA:288,0
DA:289,0
DA:292,0
DA:296,0
DA:297,0
DA:301,0
DA:302,0
DA:312,0
DA:315,0
DA:326,0
DA:327,0
DA:329,0
DA:332,0
DA:360,0
DA:369,0
DA:370,0
DA:372,0
DA:373,0
DA:374,0
DA:375,0
DA:376,0
DA:378,0
DA:380,0
DA:382,0
DA:383,0
LF:124
LH:1
end_of_record
